<?xml version="1.0" encoding="UTF-8" ?>
<testsuite errors="0" failures="0" hostname="ZUGPCRWEI" name="ch.ivyteam.ivy.cluster.TestResumeTask" tests="1" time="93.335" timestamp="2011-01-18T14:28:42">
  <properties>
    <property name="java.vendor" value="Sun Microsystems Inc." />
    <property name="node1.http.port" value="18080" />
    <property name="sun.java.launcher" value="SUN_STANDARD" />
    <property name="sun.management.compiler" value="HotSpot 64-Bit Server Compiler" />
    <property name="os.name" value="Windows 7" />
    <property name="sun.boot.class.path" value="c:\Program Files\Java\jdk1.6.0_18\jre\lib\resources.jar;c:\Program Files\Java\jdk1.6.0_18\jre\lib\rt.jar;c:\Program Files\Java\jdk1.6.0_18\jre\lib\sunrsasign.jar;c:\Program Files\Java\jdk1.6.0_18\jre\lib\jsse.jar;c:\Program Files\Java\jdk1.6.0_18\jre\lib\jce.jar;c:\Program Files\Java\jdk1.6.0_18\jre\lib\charsets.jar;c:\Program Files\Java\jdk1.6.0_18\jre\classes" />
    <property name="sun.desktop" value="windows" />
    <property name="java.vm.specification.vendor" value="Sun Microsystems Inc." />
    <property name="ant.home" value="c:\Program Files\apache\ant\apache-ant-1.8.0\bin\.." />
    <property name="dir.ivy.server.ant.tasks" value="..\..\builtUtil\IvyServerAntTasks" />
    <property name="java.runtime.version" value="1.6.0_18-b07" />
    <property name="user.name" value="rwei" />
    <property name="node1.ajp.port" value="-1" />
    <property name="db.user.name" value="sa" />
    <property name="initial.node.name" value="node1" />
    <property name="user.language" value="de" />
    <property name="ant.file.type.xpertivy.server.ant.tasks.lowlevel" value="file" />
    <property name="sun.boot.library.path" value="c:\Program Files\Java\jdk1.6.0_18\jre\bin" />
    <property name="ant.file.type.xpert.ivy.server" value="file" />
    <property name="ant.project.default-target" value="all" />
    <property name="node1.instance.id" value="XpertIvyCluster_1" />
    <property name="java.version" value="1.6.0_18" />
    <property name="user.timezone" value="" />
    <property name="sun.arch.data.model" value="64" />
    <property name="admin.password" value="nimda" />
    <property name="java.endorsed.dirs" value="c:\Program Files\Java\jdk1.6.0_18\jre\lib\endorsed" />
    <property name="db.parameters" value="" />
    <property name="sun.cpu.isalist" value="amd64" />
    <property name="template.dir" value="installation_template" />
    <property name="sun.jnu.encoding" value="Cp1252" />
    <property name="file.encoding.pkg" value="sun.io" />
    <property name="file.separator" value="\" />
    <property name="java.specification.name" value="Java Platform API Specification" />
    <property name="java.class.version" value="50.0" />
    <property name="node2.node.id" value="2" />
    <property name="user.country" value="CH" />
    <property name="admin.name" value="admin" />
    <property name="node.names" value="node1,node2" />
    <property name="java.home" value="c:\Program Files\Java\jdk1.6.0_18\jre" />
    <property name="java.vm.info" value="mixed mode" />
    <property name="ant.file" value="C:\dev\trunk\testcases\ServerTest\ClusterTests.xml" />
    <property name="os.version" value="6.1" />
    <property name="node2.http.port" value="18081" />
    <property name="path.separator" value=";" />
    <property name="java.vm.version" value="16.0-b13" />
    <property name="ant.file.type.xpert.ivy.server.local.targets" value="file" />
    <property name="db.creation.parameters" value="" />
    <property name="user.variant" value="" />
    <property name="ant.library.dir" value="C:\Program Files\apache\ant\apache-ant-1.8.0\lib" />
    <property name="node2.node.ip.address" value="" />
    <property name="node1.https.port" value="-1" />
    <property name="java.awt.printerjob" value="sun.awt.windows.WPrinterJob" />
    <property name="sun.io.unicode.encoding" value="UnicodeLittle" />
    <property name="awt.toolkit" value="sun.awt.windows.WToolkit" />
    <property name="ant.file.xpertivy.server.ant.tasks.lowlevel" value="C:\dev\trunk\builtUtil\IvyServerAntTasks\build\local\local_lowlevel_tasks.xml" />
    <property name="node1.node.ip.address" value="" />
    <property name="user.home" value="C:\Users\rwei.SORECO" />
    <property name="java.specification.vendor" value="Sun Microsystems Inc." />
    <property name="db.driver" value="net.sourceforge.jtds.jdbc.Driver" />
    <property name="java.library.path" value="c:\Program Files\Java\jdk1.6.0_18\jre\bin;.;C:\Windows\Sun\Java\bin;C:\Windows\system32;C:\Windows;C:\Program Files (x86)\Windows Resource Kits\Tools\;C:\Windows\system32;C:\Windows;C:\Windows\System32\Wbem;C:\Windows\System32\WindowsPowerShell\v1.0\;C:\Program Files (x86)\Common Files\Roxio Shared\DLLShared\;C:\Program Files (x86)\Common Files\Roxio Shared\10.0\DLLShared\;C:\Program Files\TortoiseSVN\bin;C:\Program Files\SlikSvn\bin\;C:\Program Files (x86)\Common Files\Acronis\SnapAPI\;C:\Program Files\TortoiseGit\bin;C:\Program Files (x86)\Subversion\bin;C:\Program Files (x86)\Microsoft SQL Server\90\Tools\binn\;&quot;c:\Program Files\apache\ant\apache-ant-1.8.0&quot;\bin" />
    <property name="java.vendor.url" value="http://java.sun.com/" />
    <property name="java.vm.vendor" value="Sun Microsystems Inc." />
    <property name="java.runtime.name" value="Java(TM) SE Runtime Environment" />
    <property name="java.class.path" value="C:\dev\trunk\testcases\ServerTest\classes;C:\dev\trunk\testcases\ServerTest\lib\commons-logging-1.1.1.jar;C:\dev\trunk\testcases\ServerTest\lib\httpclient-4.0.3.jar;C:\dev\trunk\testcases\ServerTest\lib\httpcore-4.1.jar;C:\dev\trunk\testcases\ServerTest\lib\junit-4.1.jar;C:\Program Files\apache\ant\apache-ant-1.8.0\lib\ant-launcher.jar;C:\Program Files\apache\ant\apache-ant-1.8.0\lib\ant.jar;C:\Program Files\apache\ant\apache-ant-1.8.0\lib\ant-junit.jar" />
    <property name="ant.version" value="Apache Ant version 1.8.0 compiled on February 1 2010" />
    <property name="db.password" value="iF&amp;Gs1.k" />
    <property name="ant.file.type.xpert.ivy.server.local.cluster.build" value="file" />
    <property name="ant.file.xpert.ivy.server.local.targets" value="C:\dev\trunk\builtUtil\IvyServerAntTasks\build\local\local_targets.xml" />
    <property name="node2.instance.id" value="XpertIvyCluster_2" />
    <property name="node2.ajp.port" value="-1" />
    <property name="download.src" value="http://zugbldsrv2:8080/hudson/job/Trunk_All/227/artifact/ivy/output/XpertIvyServer4.2.0.35335_Windows_x64.zip" />
    <property name="svn.password" value="svn" />
    <property name="java.vm.specification.name" value="Java Virtual Machine Specification" />
    <property name="ant.file.type" value="file" />
    <property name="project.svn.url.list" value="svn://zugntsrv1/Entwicklung/Projects/Xpert.ivy/trunk/testcases/TestCasesPerformance" />
    <property name="java.vm.specification.version" value="1.0" />
    <property name="sun.os.patch.level" value="" />
    <property name="sun.cpu.endian" value="little" />
    <property name="node2.https.port" value="-1" />
    <property name="java.io.tmpdir" value="c:\temp\" />
    <property name="java.vendor.url.bug" value="http://java.sun.com/cgi-bin/bugreport.cgi" />
    <property name="svn.username" value="svn" />
    <property name="project.name.list" value="TestCasesPerformance" />
    <property name="java.awt.graphicsenv" value="sun.awt.Win32GraphicsEnvironment" />
    <property name="os.arch" value="amd64" />
    <property name="java.ext.dirs" value="c:\Program Files\Java\jdk1.6.0_18\jre\lib\ext;C:\Windows\Sun\Java\lib\ext" />
    <property name="user.dir" value="C:\dev\trunk\testcases\ServerTest" />
    <property name="line.separator" value="
" />
    <property name="java.vm.name" value="Java HotSpot(TM) 64-Bit Server VM" />
    <property name="ant.file.xpert.ivy.server.local.cluster.build" value="C:\dev\trunk\builtUtil\IvyServerAntTasks\build\local\local_cluster_build.xml" />
    <property name="basedir" value="C:\dev\trunk\testcases\ServerTest" />
    <property name="node1.node.id" value="1" />
    <property name="ant.java.version" value="1.6" />
    <property name="ant.file.xpert.ivy.server" value="C:\dev\trunk\builtUtil\IvyServerAntTasks\build\local\local_highlevel_tasks.xml" />
    <property name="ant.core.lib" value="C:\Program Files\apache\ant\apache-ant-1.8.0\lib\ant.jar" />
    <property name="file.encoding" value="Cp1252" />
    <property name="dir.antlibs" value="c:\dev\EnvArchive\antlibs" />
    <property name="db.connection.url" value="jdbc:jtds:sqlserver://zugdbsrv1:1433/Tmp_ServerTest_XpertIvySystemDatabase" />
    <property name="java.specification.version" value="1.6" />
    <property name="ant.project.invoked-targets" value="test" />
  </properties>
  <testcase classname="ch.ivyteam.ivy.cluster.TestResumeTask" name="testResumeTask" time="93.234" />
  <system-out><![CDATA[]]></system-out>
  <system-err><![CDATA[]]></system-err>
</testsuite>
